<?xml version="1.0" encoding="UTF-8"?>
<!-- Generated by org.testng.reporters.JUnitXMLReporter -->
<testsuite hostname="Chetuiwk1317" ignored="1" name="testMethodA" tests="3" failures="0" timestamp="17 May 2017 13:27:43 GMT" time="19.459" errors="0">
  <testcase name="testMethodA" time="3.221" classname="parameters.testing.ParameterByITestContextInDataprovider"/>
  <testcase name="testMethodA" time="3.112" classname="parameters.testing.ParameterByITestContextInDataprovider"/>
  <testcase name="testMethodA" time="3.127" classname="parameters.testing.ParameterByITestContextInDataprovider"/>
  <testcase name="testMethodB" time="0.0" classname="parameters.testing.ParameterByITestContextInDataprovider">
    <ignored/>
  </testcase> <!-- testMethodB -->
</testsuite> <!-- testMethodA -->
