<?xml version="1.0" encoding="UTF-8"?>
<!-- Generated by org.testng.reporters.JUnitXMLReporter -->
<testsuite hostname="Chetuiwk1317" ignored="1" name="testMethodB" tests="3" failures="0" timestamp="17 May 2017 13:28:01 GMT" time="17.605" errors="0">
  <testcase name="testMethodB" time="3.166" classname="parameters.testing.ParameterByITestContextInDataprovider"/>
  <testcase name="testMethodB" time="3.121" classname="parameters.testing.ParameterByITestContextInDataprovider"/>
  <testcase name="testMethodB" time="3.139" classname="parameters.testing.ParameterByITestContextInDataprovider"/>
  <testcase name="testMethodA" time="0.0" classname="parameters.testing.ParameterByITestContextInDataprovider">
    <ignored/>
  </testcase> <!-- testMethodA -->
</testsuite> <!-- testMethodB -->
